SF:./packages/core/lib/data/models/tv_series_model.dart
DA:6,10
DA:18,4
DA:19,2
DA:20,2
DA:21,2
DA:22,2
DA:25,4
DA:26,2
DA:27,2
DA:28,2
DA:29,2
DA:32,1
DA:33,1
DA:34,1
DA:35,1
DA:36,1
DA:37,1
DA:41,2
DA:43,2
DA:44,2
DA:45,2
DA:46,2
DA:47,2
LF:23
LH:23
end_of_record
SF:./packages/core/lib/data/models/tv_series_response.dart
DA:8,2
DA:10,1
DA:11,1
DA:12,2
DA:13,3
DA:14,3
DA:17,2
DA:18,5
DA:21,1
DA:22,2
LF:10
LH:10
end_of_record
SF:./packages/core/lib/domain/entities/tv_series.dart
DA:4,9
DA:16,1
DA:18,1
DA:19,1
DA:20,1
DA:21,1
DA:22,1
LF:7
LH:7
end_of_record
SF:./packages/core/lib/data/models/tv_series_detail_response.dart
DA:7,7
DA:27,1
DA:28,1
DA:29,1
DA:30,1
DA:31,1
DA:32,1
DA:33,1
DA:34,4
DA:35,2
DA:36,4
DA:37,2
DA:38,3
DA:39,3
DA:42,2
DA:43,1
DA:44,1
DA:45,1
DA:46,1
DA:47,5
DA:48,1
DA:49,4
DA:50,5
DA:53,1
DA:55,1
DA:56,1
DA:57,1
DA:58,1
DA:59,1
DA:60,1
DA:61,1
DA:62,1
DA:63,1
DA:67,1
DA:68,1
DA:69,1
DA:70,1
DA:71,1
DA:72,1
DA:73,5
DA:74,1
DA:75,1
DA:76,5
DA:82,7
DA:100,2
DA:101,1
DA:102,1
DA:103,1
DA:104,1
DA:105,1
DA:106,1
DA:107,1
DA:110,2
DA:111,1
DA:112,1
DA:113,1
DA:114,1
DA:115,1
DA:116,1
DA:117,1
DA:120,1
DA:121,1
DA:122,1
DA:123,1
DA:124,1
DA:125,1
DA:126,1
DA:127,1
DA:128,1
DA:132,1
DA:134,1
DA:135,1
DA:136,1
DA:137,1
DA:138,1
DA:139,1
DA:140,1
DA:141,1
LF:78
LH:78
end_of_record
SF:./packages/core/lib/data/models/genre_model.dart
DA:6,8
DA:14,4
DA:15,2
DA:16,2
DA:19,4
DA:20,2
DA:21,2
DA:24,2
DA:25,6
DA:28,2
DA:29,6
LF:11
LH:11
end_of_record
SF:./packages/core/lib/data/models/movie_detail_model.dart
DA:7,7
DA:53,1
DA:54,1
DA:55,1
DA:56,1
DA:57,1
DA:58,1
DA:59,4
DA:60,1
DA:61,1
DA:62,1
DA:63,1
DA:64,1
DA:65,1
DA:66,2
DA:67,1
DA:68,1
DA:69,1
DA:70,1
DA:71,1
DA:72,1
DA:73,1
DA:74,1
DA:75,2
DA:76,1
DA:79,2
DA:80,1
DA:81,1
DA:82,1
DA:83,5
DA:84,1
DA:85,1
DA:86,1
DA:87,1
DA:88,1
DA:89,1
DA:90,1
DA:91,1
DA:92,1
DA:93,1
DA:94,1
DA:95,1
DA:96,1
DA:97,1
DA:98,1
DA:99,1
DA:100,1
DA:103,1
DA:104,1
DA:105,1
DA:106,1
DA:107,5
DA:108,1
DA:109,1
DA:110,1
DA:111,1
DA:112,1
DA:113,1
DA:114,1
DA:115,1
DA:116,1
DA:120,1
DA:121,1
DA:122,1
DA:123,1
DA:124,1
DA:125,1
DA:126,1
DA:127,1
DA:128,1
DA:129,1
DA:130,1
DA:131,1
DA:132,1
DA:133,1
DA:134,1
DA:135,1
DA:136,1
DA:137,1
DA:138,1
DA:139,1
DA:140,1
DA:141,1
DA:142,1
LF:84
LH:84
end_of_record
SF:./packages/core/lib/data/models/movie_model.dart
DA:6,9
DA:36,2
DA:37,1
DA:38,1
DA:39,4
DA:40,1
DA:41,1
DA:42,1
DA:43,2
DA:44,1
DA:45,1
DA:46,1
DA:47,1
DA:48,2
DA:49,1
DA:52,2
DA:53,1
DA:54,1
DA:55,4
DA:56,1
DA:57,1
DA:58,1
DA:59,1
DA:60,1
DA:61,1
DA:62,1
DA:63,1
DA:64,1
DA:65,1
DA:68,1
DA:69,1
DA:70,1
DA:71,1
DA:72,1
DA:73,1
DA:74,1
DA:75,1
DA:76,1
DA:77,1
DA:78,1
DA:79,1
DA:80,1
DA:81,1
DA:82,1
DA:86,1
DA:87,1
DA:88,1
DA:89,1
DA:90,1
DA:91,1
DA:92,1
DA:93,1
DA:94,1
DA:95,1
DA:96,1
DA:97,1
DA:98,1
DA:99,1
DA:100,1
LF:59
LH:59
end_of_record
SF:./packages/core/lib/data/models/tv_series_episode_response.dart
DA:6,7
DA:24,1
DA:25,1
DA:26,1
DA:27,1
DA:28,1
DA:29,1
DA:30,1
DA:31,1
DA:32,4
DA:33,1
DA:36,2
DA:37,1
DA:38,1
DA:39,1
DA:40,1
DA:41,1
DA:42,5
DA:43,1
DA:46,1
DA:47,1
DA:48,1
DA:49,1
DA:50,1
DA:51,1
DA:52,1
DA:53,5
DA:54,1
DA:58,1
DA:60,1
DA:61,1
DA:62,1
DA:63,1
DA:64,1
DA:65,1
DA:66,1
DA:67,1
DA:73,7
DA:89,1
DA:90,1
DA:91,1
DA:92,1
DA:93,1
DA:94,1
DA:95,1
DA:96,1
DA:97,4
DA:100,2
DA:101,1
DA:102,1
DA:103,1
DA:104,1
DA:105,1
DA:106,5
DA:109,1
DA:110,1
DA:111,1
DA:112,1
DA:113,1
DA:114,1
DA:115,1
DA:116,5
DA:120,1
DA:122,1
DA:123,1
DA:124,1
DA:125,1
DA:126,1
DA:127,1
DA:128,1
DA:134,7
DA:146,2
DA:147,1
DA:148,1
DA:149,1
DA:150,1
DA:153,2
DA:154,1
DA:155,1
DA:156,1
DA:157,1
DA:160,1
DA:161,1
DA:162,1
DA:163,1
DA:164,1
DA:165,1
DA:169,1
DA:170,1
DA:171,1
DA:172,1
DA:173,1
DA:174,1
LF:93
LH:93
end_of_record
SF:./packages/core/lib/data/models/watchlist_table.dart
DA:14,7
DA:22,2
DA:23,1
DA:24,1
DA:25,1
DA:26,1
DA:30,1
DA:31,1
DA:32,1
DA:33,1
DA:34,1
DA:35,1
DA:39,0
DA:40,0
DA:41,0
DA:42,0
DA:43,0
DA:44,0
DA:47,2
DA:48,1
DA:49,1
DA:50,1
DA:51,1
DA:52,1
DA:55,2
DA:56,1
DA:57,1
DA:58,1
DA:59,1
DA:60,1
DA:63,1
DA:64,6
LF:32
LH:26
end_of_record
SF:./packages/core/lib/domain/entities/genre.dart
DA:4,8
DA:12,2
DA:13,6
LF:3
LH:3
end_of_record
SF:./packages/core/lib/domain/entities/movie.dart
DA:4,7
DA:20,7
DA:50,1
DA:51,1
DA:52,1
DA:53,1
DA:54,1
DA:55,1
DA:56,1
DA:57,1
DA:58,1
DA:59,1
DA:60,1
DA:61,1
DA:62,1
DA:63,1
DA:64,1
LF:17
LH:17
end_of_record
SF:./packages/core/lib/domain/entities/movie_detail.dart
DA:6,7
DA:34,1
DA:35,1
DA:36,1
DA:37,1
DA:38,1
DA:39,1
DA:40,1
DA:41,1
DA:42,1
DA:43,1
DA:44,1
DA:45,1
DA:46,1
LF:14
LH:14
end_of_record
SF:./packages/core/lib/domain/entities/tv_series_detail.dart
DA:6,7
DA:26,1
DA:28,1
DA:29,1
DA:30,1
DA:31,1
DA:32,1
DA:33,1
DA:34,1
DA:35,1
DA:36,1
DA:42,7
DA:60,1
DA:62,1
DA:63,1
DA:64,1
DA:65,1
DA:66,1
DA:67,1
DA:68,1
DA:69,1
LF:21
LH:21
end_of_record
SF:./packages/core/lib/domain/entities/tv_series_episode.dart
DA:4,7
DA:22,1
DA:24,1
DA:25,1
DA:26,1
DA:27,1
DA:28,1
DA:29,1
DA:30,1
DA:31,1
DA:37,7
DA:53,1
DA:55,1
DA:56,1
DA:57,1
DA:58,1
DA:59,1
DA:60,1
DA:61,1
DA:67,7
DA:79,1
DA:80,1
DA:81,1
DA:82,1
DA:83,1
DA:84,1
LF:26
LH:26
end_of_record
SF:./packages/core/lib/domain/entities/watchlist.dart
DA:4,7
DA:18,1
DA:20,1
DA:21,1
DA:22,1
DA:23,1
DA:24,1
DA:25,1
LF:8
LH:8
end_of_record
SF:./packages/core/lib/data/models/movie_response.dart
DA:8,2
DA:10,2
DA:11,2
DA:12,3
DA:13,3
DA:16,2
DA:17,5
DA:20,1
DA:21,2
LF:9
LH:9
end_of_record
SF:./packages/tv_series/lib\domain\usecases\get_airing_today_tv_series.dart
DA:7,1
DA:9,1
DA:10,2
LF:3
LH:3
end_of_record
SF:./packages/tv_series/lib\domain\usecases\get_popular_tv_series.dart
DA:7,1
DA:9,1
DA:10,2
LF:3
LH:3
end_of_record
SF:./packages/tv_series/lib\domain\usecases\get_top_rated_tv_series.dart
DA:7,1
DA:9,1
DA:10,2
LF:3
LH:3
end_of_record
SF:./packages/tv_series/lib\domain\usecases\get_tv_series_detail.dart
DA:7,1
DA:9,1
DA:10,2
LF:3
LH:3
end_of_record
SF:./packages/tv_series/lib\domain\usecases\get_tv_series_episode.dart
DA:7,1
DA:9,1
DA:10,2
LF:3
LH:3
end_of_record
SF:./packages/tv_series/lib\domain\usecases\get_tv_series_recommendations.dart
DA:7,1
DA:9,1
DA:10,2
LF:3
LH:3
end_of_record
SF:./packages/tv_series/lib\domain\usecases\remove_watchlist_tv_series.dart
DA:7,1
DA:9,1
DA:10,2
LF:3
LH:3
end_of_record
SF:./packages/tv_series/lib\domain\usecases\save_watchlist_tv_series.dart
DA:7,1
DA:9,1
DA:10,2
LF:3
LH:3
end_of_record
SF:./packages/tv_series/lib\presentation\bloc\airing_today_tv_series_state.dart
DA:4,5
DA:6,1
DA:7,1
DA:17,3
DA:19,1
DA:20,2
DA:26,3
DA:28,1
DA:29,2
LF:9
LH:9
end_of_record
SF:./packages/tv_series/lib\presentation\bloc\airing_today_tv_series_event.dart
DA:4,27
DA:8,27
LF:2
LH:2
end_of_record
SF:./packages/tv_series/lib\presentation\bloc\airing_today_tv_series_bloc.dart
DA:13,1
DA:14,2
DA:15,2
DA:16,2
DA:18,3
DA:20,1
DA:21,1
DA:22,3
DA:24,1
DA:25,2
LF:10
LH:10
end_of_record
SF:./packages/tv_series/lib\presentation\bloc\popular_tv_series_state.dart
DA:4,5
DA:6,1
DA:7,1
DA:17,3
DA:19,1
DA:20,2
DA:26,3
DA:28,1
DA:29,2
LF:9
LH:9
end_of_record
SF:./packages/tv_series/lib\presentation\bloc\popular_tv_series_bloc.dart
DA:13,3
DA:14,2
DA:15,2
DA:17,3
DA:19,1
DA:20,1
DA:21,3
DA:23,1
DA:24,2
LF:9
LH:9
end_of_record
SF:./packages/tv_series/lib\presentation\bloc\popular_tv_series_event.dart
DA:4,27
DA:8,27
LF:2
LH:2
end_of_record
SF:./packages/tv_series/lib\presentation\bloc\top_rated_tv_series_event.dart
DA:4,27
DA:8,27
LF:2
LH:2
end_of_record
SF:./packages/tv_series/lib\presentation\bloc\top_rated_tv_series_state.dart
DA:4,5
DA:6,1
DA:7,1
DA:17,3
DA:19,1
DA:20,2
DA:26,3
DA:28,1
DA:29,2
LF:9
LH:9
end_of_record
SF:./packages/tv_series/lib\presentation\bloc\top_rated_tv_series_bloc.dart
DA:13,1
DA:14,2
DA:15,2
DA:16,2
DA:18,3
DA:20,1
DA:21,1
DA:22,3
DA:24,1
DA:25,2
LF:10
LH:10
end_of_record
SF:./packages/tv_series/lib\presentation\bloc\tv_series_detail_event.dart
DA:4,3
DA:9,3
LF:2
LH:2
end_of_record
SF:./packages/tv_series/lib\presentation\bloc\tv_series_detail_state.dart
DA:4,5
DA:6,1
DA:7,1
DA:17,3
DA:19,1
DA:20,2
DA:26,5
DA:28,1
DA:29,2
LF:9
LH:9
end_of_record
SF:./packages/tv_series/lib\presentation\bloc\tv_series_detail_bloc.dart
DA:13,3
DA:14,2
DA:15,2
DA:17,4
DA:19,1
DA:20,1
DA:21,3
DA:23,1
DA:25,2
DA:27,2
LF:10
LH:10
end_of_record
SF:./packages/tv_series/lib\presentation\bloc\tv_series_episode_state.dart
DA:4,4
DA:6,1
DA:7,1
DA:17,3
DA:19,1
DA:20,2
DA:26,3
DA:28,1
DA:29,2
LF:9
LH:9
end_of_record
SF:./packages/tv_series/lib\presentation\bloc\tv_series_episode_event.dart
DA:4,2
DA:10,2
LF:2
LH:2
end_of_record
SF:./packages/tv_series/lib\presentation\bloc\tv_series_episode_bloc.dart
DA:13,3
DA:14,2
DA:15,2
DA:17,5
DA:19,1
DA:20,1
DA:21,3
DA:23,1
DA:24,2
LF:9
LH:9
end_of_record
SF:./packages/tv_series/lib\presentation\bloc\tv_series_recommendation_event.dart
DA:4,3
DA:9,3
LF:2
LH:2
end_of_record
SF:./packages/tv_series/lib\presentation\bloc\tv_series_recommendation_state.dart
DA:4,5
DA:6,1
DA:7,1
DA:17,3
DA:19,1
DA:20,2
DA:26,2
DA:28,1
DA:29,2
LF:9
LH:9
end_of_record
SF:./packages/tv_series/lib\presentation\bloc\tv_series_recommendation_bloc.dart
DA:13,1
DA:14,2
DA:15,2
DA:16,2
DA:18,4
DA:20,1
DA:21,1
DA:22,3
DA:24,1
DA:25,2
LF:10
LH:10
end_of_record
SF:./packages/tv_series/lib\presentation\bloc\tv_series_watchlist_state.dart
DA:4,5
DA:6,1
DA:7,1
DA:16,5
DA:18,1
DA:19,3
LF:6
LH:6
end_of_record
SF:./packages/tv_series/lib\presentation\bloc\tv_series_watchlist_event.dart
DA:4,3
DA:9,3
DA:14,2
DA:19,2
LF:4
LH:4
end_of_record
SF:./packages/tv_series/lib\presentation\bloc\tv_series_watchlist_bloc.dart
DA:19,1
DA:23,2
DA:24,2
DA:25,4
DA:26,2
DA:28,2
DA:29,4
DA:30,5
DA:32,2
DA:33,1
DA:34,3
DA:36,1
DA:37,2
DA:41,2
DA:42,4
DA:43,5
DA:45,2
DA:46,1
DA:47,3
DA:49,1
DA:50,2
LF:21
LH:21
end_of_record
SF:./packages/tv_series/lib\presentation\pages\airing_today_tv_series_page.dart
DA:7,2
DA:9,2
DA:11,2
DA:15,2
DA:17,2
DA:18,6
DA:19,2
DA:20,2
DA:23,2
DA:25,2
DA:26,2
DA:29,2
DA:31,2
DA:32,2
DA:33,2
DA:37,2
DA:38,2
DA:39,2
DA:40,4
DA:41,2
DA:43,4
DA:45,1
DA:46,1
DA:48,2
LF:24
LH:24
end_of_record
SF:./packages/tv_series/lib\presentation\pages\popular_tv_series_page.dart
DA:7,2
DA:9,2
DA:10,2
DA:14,2
DA:16,2
DA:17,4
DA:18,6
DA:21,2
DA:23,2
DA:24,2
DA:27,2
DA:29,2
DA:30,2
DA:31,2
DA:35,2
DA:36,2
DA:37,2
DA:38,4
DA:39,2
DA:41,4
DA:43,1
DA:44,1
DA:46,2
LF:23
LH:23
end_of_record
SF:./packages/tv_series/lib\presentation\pages\top_rated_tv_series_page.dart
DA:7,2
DA:9,2
DA:10,2
DA:14,2
DA:16,2
DA:17,4
DA:18,6
DA:21,2
DA:23,2
DA:24,2
DA:27,2
DA:29,2
DA:30,2
DA:31,2
DA:35,2
DA:36,2
DA:37,2
DA:38,4
DA:39,2
DA:41,4
DA:43,1
DA:44,1
DA:46,2
LF:23
LH:23
end_of_record
SF:./packages/tv_series/lib\presentation\pages\tv_series_detail_page.dart
DA:10,2
DA:13,1
DA:15,2
DA:16,2
DA:20,2
DA:22,2
DA:23,4
DA:24,12
DA:25,2
DA:26,2
DA:27,8
DA:28,12
DA:32,2
DA:34,2
DA:35,2
DA:36,2
DA:38,2
DA:39,2
DA:40,2
DA:41,2
DA:42,2
DA:43,2
DA:44,3
DA:47,1
DA:49,1
DA:50,1
DA:51,2
DA:59,2
DA:60,2
DA:61,2
DA:65,2
DA:66,2
DA:67,2
DA:68,2
DA:69,4
DA:73,1
DA:74,1
DA:76,2
DA:92,2
DA:96,2
DA:98,2
DA:99,2
DA:105,2
DA:107,6
DA:108,2
DA:109,2
DA:110,2
DA:113,8
DA:115,2
DA:118,0
DA:120,2
DA:122,2
DA:123,2
DA:124,2
DA:134,2
DA:135,2
DA:136,2
DA:138,2
DA:140,2
DA:141,2
DA:142,2
DA:144,2
DA:145,2
DA:146,6
DA:147,2
DA:149,2
DA:150,2
DA:151,8
DA:153,2
DA:154,6
DA:156,2
DA:157,2
DA:158,8
DA:161,2
DA:162,2
DA:163,2
DA:165,8
DA:168,2
DA:175,10
DA:178,2
DA:179,2
DA:181,2
DA:183,2
DA:184,6
DA:186,2
DA:190,2
DA:191,6
DA:192,2
DA:196,2
DA:198,2
DA:211,2
DA:213,2
DA:216,2
DA:218,0
DA:219,0
DA:228,2
DA:229,2
DA:230,2
DA:231,2
DA:232,1
DA:234,1
DA:242,2
DA:243,2
DA:245,2
DA:246,1
DA:247,1
DA:249,1
DA:250,4
DA:251,1
DA:253,1
DA:254,4
DA:257,2
DA:259,2
DA:260,2
DA:276,2
DA:277,2
DA:278,2
DA:279,2
DA:280,8
DA:282,2
DA:283,2
DA:285,2
DA:286,2
DA:287,2
DA:288,4
DA:291,2
DA:293,2
DA:294,2
DA:296,0
DA:297,0
DA:298,0
DA:301,2
DA:303,2
DA:304,2
DA:305,2
DA:306,2
DA:319,2
DA:320,2
DA:321,2
DA:322,6
DA:324,8
DA:326,2
DA:327,2
DA:328,2
DA:329,2
DA:330,2
DA:335,2
DA:347,2
DA:348,2
DA:349,2
DA:351,2
DA:352,2
DA:354,2
DA:356,2
DA:357,2
DA:358,2
DA:364,2
DA:365,1
DA:367,1
DA:369,1
DA:370,2
DA:371,1
DA:373,1
DA:374,0
DA:375,0
DA:378,0
DA:381,1
DA:385,1
DA:388,2
DA:389,1
DA:392,0
DA:399,2
DA:402,2
DA:403,1
DA:405,2
DA:418,2
DA:420,4
DA:421,6
DA:424,2
DA:428,6
DA:431,2
DA:432,2
DA:433,2
DA:435,2
DA:436,1
DA:438,2
LF:186
LH:176
end_of_record
SF:./packages/tv_series/lib\presentation\pages\tv_series_episode_page.dart
DA:9,1
DA:12,1
DA:14,1
DA:15,1
DA:19,1
DA:21,1
DA:22,2
DA:23,1
DA:24,1
DA:25,8
DA:29,1
DA:31,1
DA:32,1
DA:33,4
DA:35,1
DA:36,1
DA:37,1
DA:41,1
DA:42,2
DA:43,1
DA:44,1
DA:46,1
DA:47,1
DA:48,1
DA:49,1
DA:51,1
DA:57,1
DA:58,1
DA:60,2
LF:29
LH:29
end_of_record
SF:./packages/tv_series/lib\presentation\pages\tv_series_page.dart
DA:8,1
DA:10,1
DA:11,1
DA:15,1
DA:17,1
DA:18,2
DA:19,1
DA:20,1
DA:21,1
DA:22,3
DA:23,3
DA:27,1
DA:29,1
DA:31,1
DA:32,1
DA:34,1
DA:35,1
DA:37,1
DA:38,1
DA:40,1
DA:41,1
DA:42,1
DA:46,1
DA:47,2
DA:52,1
DA:54,2
DA:56,1
DA:57,1
DA:58,1
DA:62,1
DA:63,2
DA:68,1
DA:70,2
DA:72,1
DA:73,1
DA:74,1
DA:78,1
DA:79,2
DA:94,1
DA:97,1
DA:99,1
DA:101,1
DA:103,1
DA:105,1
DA:106,2
DA:107,1
DA:109,1
DA:111,1
DA:112,1
DA:115,1
DA:118,1
DA:120,1
DA:121,2
DA:122,1
DA:125,0
DA:131,2
LF:56
LH:55
end_of_record
SF:./packages/search/lib\domain\usecases\search_movies.dart
DA:7,1
DA:9,1
DA:10,2
LF:3
LH:3
end_of_record
SF:./packages/search/lib\domain\usecases\search_tv_series.dart
DA:7,1
DA:9,1
DA:10,2
LF:3
LH:3
end_of_record
SF:./packages/search/lib\presentation\bloc\search_state.dart
DA:4,4
DA:6,1
DA:7,1
DA:17,3
DA:19,1
DA:20,2
DA:26,3
DA:28,1
DA:29,2
DA:35,3
DA:37,1
DA:38,2
LF:12
LH:12
end_of_record
SF:./packages/search/lib\presentation\bloc\search_bloc.dart
DA:14,3
DA:15,2
DA:16,1
DA:18,2
DA:19,3
DA:21,1
DA:22,1
DA:23,3
DA:25,1
DA:26,2
DA:29,1
DA:31,2
DA:32,1
DA:34,2
DA:35,3
DA:37,1
DA:38,1
DA:39,3
DA:41,1
DA:42,2
DA:45,1
DA:48,1
DA:49,3
LF:23
LH:23
end_of_record
SF:./packages/search/lib\presentation\bloc\search_event.dart
DA:4,2
DA:10,2
DA:16,2
LF:3
LH:3
end_of_record
SF:./packages/search/lib\presentation\pages\search_page.dart
DA:8,1
DA:10,1
DA:12,1
DA:13,1
DA:14,1
DA:18,1
DA:20,1
DA:22,1
DA:23,1
DA:24,1
DA:25,1
DA:26,3
DA:28,3
DA:39,1
DA:41,1
DA:43,3
DA:50,1
DA:51,1
DA:52,1
DA:53,1
DA:57,1
DA:58,1
DA:60,1
DA:61,1
DA:62,1
DA:63,1
DA:65,1
DA:70,1
DA:71,1
DA:73,1
DA:74,1
DA:75,1
DA:77,1
DA:81,1
DA:82,1
DA:83,1
DA:85,2
DA:89,1
DA:90,1
DA:97,1
DA:98,1
DA:99,1
DA:100,1
DA:104,1
DA:105,1
DA:107,1
DA:108,1
DA:109,1
DA:110,1
DA:112,1
DA:117,1
DA:118,1
DA:120,1
DA:121,1
DA:122,1
DA:124,1
DA:128,1
DA:129,1
DA:130,1
DA:132,2
DA:136,1
DA:137,1
LF:62
LH:62
end_of_record
SF:./packages/movies/lib\domain\usecases\get_movie_detail.dart
DA:7,1
DA:9,1
DA:10,2
LF:3
LH:3
end_of_record
SF:./packages/movies/lib\domain\usecases\get_movie_recommendations.dart
DA:7,1
DA:9,1
DA:10,2
LF:3
LH:3
end_of_record
SF:./packages/movies/lib\domain\usecases\get_now_playing_movies.dart
DA:7,1
DA:9,1
DA:10,2
LF:3
LH:3
end_of_record
SF:./packages/movies/lib\domain\usecases\get_popular_movies.dart
DA:7,1
DA:9,1
DA:10,2
LF:3
LH:3
end_of_record
SF:./packages/movies/lib\domain\usecases\get_top_rated_movies.dart
DA:7,1
DA:9,1
DA:10,2
LF:3
LH:3
end_of_record
SF:./packages/movies/lib\domain\usecases\remove_watchlist_movies.dart
DA:7,1
DA:9,1
DA:10,2
LF:3
LH:3
end_of_record
SF:./packages/movies/lib\domain\usecases\save_watchlist_movies.dart
DA:7,1
DA:9,1
DA:10,2
LF:3
LH:3
end_of_record
SF:./packages/movies/lib\presentation\pages\movie_detail_page.dart
DA:11,2
DA:14,1
DA:16,2
DA:17,2
DA:21,2
DA:23,2
DA:24,4
DA:25,12
DA:26,2
DA:27,2
DA:28,8
DA:29,12
DA:33,2
DA:35,2
DA:36,2
DA:37,2
DA:39,2
DA:40,2
DA:41,2
DA:42,2
DA:43,2
DA:44,2
DA:45,3
DA:48,1
DA:50,1
DA:51,1
DA:52,2
DA:60,2
DA:61,2
DA:62,2
DA:66,2
DA:67,2
DA:68,2
DA:69,2
DA:71,1
DA:72,1
DA:74,2
DA:89,2
DA:92,2
DA:94,2
DA:96,6
DA:97,2
DA:98,2
DA:99,2
DA:100,6
DA:102,2
DA:105,0
DA:107,2
DA:109,2
DA:110,2
DA:111,2
DA:121,2
DA:122,2
DA:123,2
DA:125,2
DA:127,2
DA:129,2
DA:130,2
DA:131,4
DA:132,2
DA:134,2
DA:135,2
DA:136,6
DA:138,2
DA:139,6
DA:141,2
DA:142,2
DA:143,2
DA:144,6
DA:146,2
DA:152,8
DA:156,2
DA:158,2
DA:160,2
DA:161,4
DA:164,2
DA:166,2
DA:168,2
DA:173,2
DA:175,2
DA:188,2
DA:190,2
DA:193,2
DA:195,0
DA:196,0
DA:205,2
DA:206,2
DA:207,2
DA:208,2
DA:209,1
DA:211,1
DA:219,2
DA:220,2
DA:222,2
DA:223,1
DA:224,1
DA:225,4
DA:226,1
DA:228,1
DA:229,3
DA:232,2
DA:234,2
DA:235,2
DA:248,2
DA:249,2
DA:250,2
DA:251,2
DA:255,2
DA:256,1
DA:257,1
DA:259,1
DA:261,1
DA:262,1
DA:263,1
DA:265,1
DA:266,0
DA:267,0
DA:270,0
DA:273,1
DA:277,1
DA:279,2
DA:280,1
DA:283,0
DA:290,1
DA:293,2
DA:294,1
DA:296,2
DA:305,2
DA:307,4
DA:308,6
DA:311,2
DA:315,6
DA:318,2
DA:319,2
DA:320,2
DA:322,2
DA:323,1
DA:325,1
LF:138
LH:131
end_of_record
SF:./packages/movies/lib\presentation\pages\movie_page.dart
DA:8,1
DA:10,1
DA:11,1
DA:15,1
DA:17,1
DA:18,2
DA:19,3
DA:20,3
DA:21,3
DA:25,1
DA:27,1
DA:29,1
DA:30,1
DA:32,1
DA:33,1
DA:35,1
DA:37,1
DA:38,1
DA:39,1
DA:44,1
DA:45,2
DA:50,1
DA:52,2
DA:54,1
DA:55,1
DA:56,1
DA:60,1
DA:61,2
DA:66,1
DA:68,2
DA:70,1
DA:71,1
DA:72,1
DA:76,1
DA:77,2
DA:92,1
DA:95,1
DA:97,1
DA:99,1
DA:101,1
DA:103,1
DA:104,2
DA:105,1
DA:107,1
DA:109,1
DA:110,1
DA:113,1
DA:116,1
DA:118,1
DA:119,2
DA:120,1
DA:123,0
DA:129,2
LF:53
LH:52
end_of_record
SF:./packages/movies/lib\presentation\pages\popular_movies_page.dart
DA:7,2
DA:9,2
DA:10,2
DA:14,2
DA:16,2
DA:17,2
DA:18,8
DA:21,2
DA:23,2
DA:24,2
DA:27,2
DA:29,2
DA:30,2
DA:31,2
DA:35,2
DA:36,2
DA:37,2
DA:38,4
DA:39,2
DA:41,4
DA:43,1
DA:44,1
DA:46,2
LF:23
LH:23
end_of_record
SF:./packages/movies/lib\presentation\pages\top_rated_movies_page.dart
DA:7,2
DA:9,2
DA:10,2
DA:14,2
DA:16,2
DA:17,4
DA:18,6
DA:21,2
DA:23,2
DA:24,2
DA:27,2
DA:29,2
DA:30,2
DA:31,2
DA:35,2
DA:36,2
DA:37,2
DA:38,4
DA:39,2
DA:41,4
DA:43,1
DA:44,1
DA:46,2
LF:23
LH:23
end_of_record
SF:./packages/movies/lib\presentation\bloc\movie_detail_state.dart
DA:4,5
DA:6,1
DA:7,1
DA:17,3
DA:19,1
DA:20,2
DA:26,4
DA:28,1
DA:29,2
LF:9
LH:9
end_of_record
SF:./packages/movies/lib\presentation\bloc\movie_detail_event.dart
DA:4,3
DA:9,3
LF:2
LH:2
end_of_record
SF:./packages/movies/lib\presentation\bloc\movie_detail_bloc.dart
DA:12,3
DA:13,2
DA:14,2
DA:16,4
DA:18,1
DA:19,1
DA:20,3
DA:22,1
DA:23,2
LF:9
LH:9
end_of_record
SF:./packages/movies/lib\presentation\bloc\movie_recommendation_event.dart
DA:4,3
DA:9,3
LF:2
LH:2
end_of_record
SF:./packages/movies/lib\presentation\bloc\movie_recommendation_state.dart
DA:4,5
DA:6,1
DA:7,1
DA:17,3
DA:19,1
DA:20,2
DA:26,2
DA:28,1
DA:29,2
LF:9
LH:9
end_of_record
SF:./packages/movies/lib\presentation\bloc\movie_recommendation_bloc.dart
DA:13,1
DA:14,2
DA:15,2
DA:16,2
DA:18,4
DA:20,1
DA:21,1
DA:22,3
DA:24,1
DA:25,2
LF:10
LH:10
end_of_record
SF:./packages/movies/lib\presentation\bloc\movie_watchlist_event.dart
DA:4,3
DA:9,3
DA:14,2
DA:19,2
LF:4
LH:4
end_of_record
SF:./packages/movies/lib\presentation\bloc\movie_watchlist_bloc.dart
DA:20,1
DA:24,2
DA:25,2
DA:26,4
DA:27,2
DA:29,2
DA:30,4
DA:31,5
DA:33,2
DA:34,1
DA:35,3
DA:37,1
DA:38,2
DA:42,2
DA:43,4
DA:44,5
DA:46,2
DA:47,1
DA:48,3
DA:50,1
DA:51,2
LF:21
LH:21
end_of_record
SF:./packages/movies/lib\presentation\bloc\movie_watchlist_state.dart
DA:4,5
DA:6,1
DA:7,1
DA:16,5
DA:18,1
DA:19,3
LF:6
LH:6
end_of_record
SF:./packages/movies/lib\presentation\bloc\popular_movies_state.dart
DA:4,5
DA:6,1
DA:7,1
DA:17,3
DA:19,1
DA:20,2
DA:26,3
DA:28,1
DA:29,2
LF:9
LH:9
end_of_record
SF:./packages/movies/lib\presentation\bloc\popular_movies_event.dart
DA:4,35
DA:8,35
LF:2
LH:2
end_of_record
SF:./packages/movies/lib\presentation\bloc\popular_movies_bloc.dart
DA:12,3
DA:13,2
DA:14,2
DA:16,3
DA:18,1
DA:19,1
DA:20,3
DA:22,1
DA:23,2
LF:9
LH:9
end_of_record
SF:./packages/movies/lib\presentation\bloc\top_rated_movies_bloc.dart
DA:13,3
DA:14,2
DA:15,2
DA:17,3
DA:19,1
DA:20,1
DA:21,3
DA:23,1
DA:24,2
LF:9
LH:9
end_of_record
SF:./packages/movies/lib\presentation\bloc\top_rated_movies_event.dart
DA:4,35
DA:8,35
LF:2
LH:2
end_of_record
SF:./packages/movies/lib\presentation\bloc\top_rated_movies_state.dart
DA:4,5
DA:6,1
DA:7,1
DA:17,3
DA:19,1
DA:20,2
DA:26,3
DA:28,1
DA:29,2
LF:9
LH:9
end_of_record
SF:./packages/movies/lib\presentation\bloc\movie_list_bloc.dart
DA:12,3
DA:13,2
DA:14,2
DA:16,3
DA:17,1
DA:18,1
DA:19,3
DA:21,1
DA:22,2
LF:9
LH:9
end_of_record
SF:./packages/movies/lib\presentation\bloc\movie_list_state.dart
DA:4,3
DA:6,1
DA:7,1
DA:17,2
DA:19,1
DA:20,2
DA:26,2
DA:28,1
DA:29,2
LF:9
LH:9
end_of_record
SF:./packages/movies/lib\presentation\bloc\movie_list_event.dart
DA:4,18
DA:8,18
LF:2
LH:2
end_of_record
